# JRE version: Java(TM) SE Runtime Environment (16.0.2+7) (build 16.0.2+7-67)
# Java VM: Java HotSpot(TM) 64-Bit Server VM (16.0.2+7-67, mixed mode, sharing, tiered, compressed oops, compressed class ptrs, g1 gc, bsd-amd64)
GC Precious Log:
 CPUs: 8 total, 8 available
 Memory: 16384M
 Large Page Support: Disabled
 NUMA Support: Disabled
 Compressed Oops: Enabled (Zero based)
 Heap Region Size: 2M
 Heap Min Capacity: 8M
 Heap Initial Capacity: 256M
 Heap Max Capacity: 4G
 Pre-touch: Disabled
 Parallel Workers: 8
 Concurrent Workers: 2
 Concurrent Refinement Workers: 8
 Periodic GC: Disabled
Heap:
 garbage-first heap   total 102400K, used 66276K [0x0000000700000000, 0x0000000800000000)
  region size 2048K, 2 young (4096K), 1 survivors (2048K)
 Metaspace       used 24913K, committed 25216K, reserved 1073152K
  class space    used 2811K, committed 2944K, reserved 1048576K
GC Heap History (20 events):
Event: 11.972 GC heap before
{Heap before GC invocations=7 (full 0):
 garbage-first heap   total 55296K, used 30936K [0x0000000700000000, 0x0000000800000000)
  region size 2048K, 3 young (6144K), 1 survivors (2048K)
 Metaspace       used 24894K, committed 25216K, reserved 1073152K
  class space    used 2811K, committed 2944K, reserved 1048576K
}
Event: 11.975 GC heap after
{Heap after GC invocations=8 (full 0):
 garbage-first heap   total 55296K, used 28993K [0x0000000700000000, 0x0000000800000000)
  region size 2048K, 1 young (2048K), 1 survivors (2048K)
 Metaspace       used 24894K, committed 25216K, reserved 1073152K
  class space    used 2811K, committed 2944K, reserved 1048576K
}
Event: 12.134 GC heap before
{Heap before GC invocations=8 (full 0):
 garbage-first heap   total 55296K, used 35137K [0x0000000700000000, 0x0000000800000000)
  region size 2048K, 4 young (8192K), 1 survivors (2048K)
 Metaspace       used 24894K, committed 25216K, reserved 1073152K
  class space    used 2811K, committed 2944K, reserved 1048576K
}
Event: 12.137 GC heap after
{Heap after GC invocations=9 (full 0):
 garbage-first heap   total 55296K, used 31632K [0x0000000700000000, 0x0000000800000000)
  region size 2048K, 1 young (2048K), 1 survivors (2048K)
 Metaspace       used 24894K, committed 25216K, reserved 1073152K
  class space    used 2811K, committed 2944K, reserved 1048576K
}
Event: 12.324 GC heap before
{Heap before GC invocations=10 (full 0):
 garbage-first heap   total 61440K, used 35728K [0x0000000700000000, 0x0000000800000000)
  region size 2048K, 4 young (8192K), 1 survivors (2048K)
 Metaspace       used 24895K, committed 25216K, reserved 1073152K
  class space    used 2811K, committed 2944K, reserved 1048576K
}
Event: 12.329 GC heap after
{Heap after GC invocations=11 (full 0):
 garbage-first heap   total 61440K, used 34492K [0x0000000700000000, 0x0000000800000000)
  region size 2048K, 1 young (2048K), 1 survivors (2048K)
 Metaspace       used 24895K, committed 25216K, reserved 1073152K
  class space    used 2811K, committed 2944K, reserved 1048576K
}
Event: 12.491 GC heap before
{Heap before GC invocations=11 (full 0):
 garbage-first heap   total 61440K, used 40636K [0x0000000700000000, 0x0000000800000000)
  region size 2048K, 4 young (8192K), 1 survivors (2048K)
 Metaspace       used 24895K, committed 25216K, reserved 1073152K
  class space    used 2811K, committed 2944K, reserved 1048576K
}
Event: 12.496 GC heap after
{Heap after GC invocations=12 (full 0):
 garbage-first heap   total 61440K, used 37449K [0x0000000700000000, 0x0000000800000000)
  region size 2048K, 1 young (2048K), 1 survivors (2048K)
 Metaspace       used 24895K, committed 25216K, reserved 1073152K
  class space    used 2811K, committed 2944K, reserved 1048576K
}
Event: 12.676 GC heap before
{Heap before GC invocations=13 (full 0):
 garbage-first heap   total 71680K, used 43593K [0x0000000700000000, 0x0000000800000000)
  region size 2048K, 4 young (8192K), 1 survivors (2048K)
 Metaspace       used 24895K, committed 25216K, reserved 1073152K
  class space    used 2811K, committed 2944K, reserved 1048576K
}
Event: 12.680 GC heap after
{Heap after GC invocations=14 (full 0):
 garbage-first heap   total 71680K, used 40331K [0x0000000700000000, 0x0000000800000000)
  region size 2048K, 1 young (2048K), 1 survivors (2048K)
 Metaspace       used 24895K, committed 25216K, reserved 1073152K
  class space    used 2811K, committed 2944K, reserved 1048576K
}
Event: 12.881 GC heap before
{Heap before GC invocations=14 (full 0):
 garbage-first heap   total 71680K, used 48523K [0x0000000700000000, 0x0000000800000000)
  region size 2048K, 5 young (10240K), 1 survivors (2048K)
 Metaspace       used 24895K, committed 25216K, reserved 1073152K
  class space    used 2811K, committed 2944K, reserved 1048576K
}
Event: 12.886 GC heap after
{Heap after GC invocations=15 (full 0):
 garbage-first heap   total 90112K, used 44047K [0x0000000700000000, 0x0000000800000000)
  region size 2048K, 1 young (2048K), 1 survivors (2048K)
 Metaspace       used 24895K, committed 25216K, reserved 1073152K
  class space    used 2811K, committed 2944K, reserved 1048576K
}
Event: 13.375 GC heap before
{Heap before GC invocations=16 (full 0):
 garbage-first heap   total 90112K, used 58383K [0x0000000700000000, 0x0000000800000000)
  region size 2048K, 8 young (16384K), 1 survivors (2048K)
 Metaspace       used 24901K, committed 25216K, reserved 1073152K
  class space    used 2811K, committed 2944K, reserved 1048576K
}
Event: 13.380 GC heap after
{Heap after GC invocations=17 (full 0):
 garbage-first heap   total 90112K, used 50566K [0x0000000700000000, 0x0000000800000000)
  region size 2048K, 1 young (2048K), 1 survivors (2048K)
 Metaspace       used 24901K, committed 25216K, reserved 1073152K
  class space    used 2811K, committed 2944K, reserved 1048576K
}
Event: 13.844 GC heap before
{Heap before GC invocations=17 (full 0):
 garbage-first heap   total 90112K, used 62854K [0x0000000700000000, 0x0000000800000000)
  region size 2048K, 7 young (14336K), 1 survivors (2048K)
 Metaspace       used 24906K, committed 25216K, reserved 1073152K
  class space    used 2811K, committed 2944K, reserved 1048576K
}
Event: 13.851 GC heap after
{Heap after GC invocations=18 (full 0):
 garbage-first heap   total 90112K, used 56633K [0x0000000700000000, 0x0000000800000000)
  region size 2048K, 1 young (2048K), 1 survivors (2048K)
 Metaspace       used 24906K, committed 25216K, reserved 1073152K
  class space    used 2811K, committed 2944K, reserved 1048576K
}
Event: 14.154 GC heap before
{Heap before GC invocations=19 (full 0):
 garbage-first heap   total 102400K, used 64825K [0x0000000700000000, 0x0000000800000000)
  region size 2048K, 5 young (10240K), 1 survivors (2048K)
 Metaspace       used 24911K, committed 25216K, reserved 1073152K
  class space    used 2811K, committed 2944K, reserved 1048576K
}
Event: 14.159 GC heap after
{Heap after GC invocations=20 (full 0):
 garbage-first heap   total 102400K, used 60545K [0x0000000700000000, 0x0000000800000000)
  region size 2048K, 1 young (2048K), 1 survivors (2048K)
 Metaspace       used 24911K, committed 25216K, reserved 1073152K
  class space    used 2811K, committed 2944K, reserved 1048576K
}
Event: 14.580 GC heap before
{Heap before GC invocations=20 (full 0):
 garbage-first heap   total 102400K, used 72833K [0x0000000700000000, 0x0000000800000000)
  region size 2048K, 7 young (14336K), 1 survivors (2048K)
 Metaspace       used 24913K, committed 25216K, reserved 1073152K
  class space    used 2811K, committed 2944K, reserved 1048576K
}
Event: 14.586 GC heap after
{Heap after GC invocations=21 (full 0):
 garbage-first heap   total 102400K, used 66276K [0x0000000700000000, 0x0000000800000000)
  region size 2048K, 1 young (2048K), 1 survivors (2048K)
 Metaspace       used 24913K, committed 25216K, reserved 1073152K
  class space    used 2811K, committed 2944K, reserved 1048576K
}

